<?xml version="1.0" encoding="UTF-8"?>
<!-- Generated by org.testng.reporters.JUnitReportReporter -->
<testsuite hostname="DESKTOP-HOIELKP" failures="0" tests="1" name="com.rmg.authentication.DigestAuthentication" time="3.390" errors="0" timestamp="22 Jun 2021 19:03:43 GMT">
  <testcase classname="com.rmg.authentication.DigestAuthentication" name="baiscAuthTest" time="3.390"/>
</testsuite> <!-- com.rmg.authentication.DigestAuthentication -->
