<?xml version="1.0" encoding="UTF-8"?>
<!-- Generated by org.testng.reporters.JUnitReportReporter -->
<testsuite hostname="DESKTOP-HOIELKP" failures="0" tests="1" name="com.rest.project.Get" time="2.383" errors="0" timestamp="21 Jun 2021 15:12:20 GMT">
  <testcase classname="com.rest.project.Get" name="getAll" time="2.383"/>
</testsuite> <!-- com.rest.project.Get -->
