<?xml version="1.0" encoding="UTF-8"?>
<!-- Generated by org.testng.reporters.JUnitReportReporter -->
<testsuite hostname="DESKTOP-HOIELKP" failures="0" tests="1" name="com.rmg.authentication.PreemptiveAuthentication" time="3.090" errors="0" timestamp="22 Jun 2021 19:05:24 GMT">
  <testcase classname="com.rmg.authentication.PreemptiveAuthentication" name="baiscAuthTest" time="3.090"/>
</testsuite> <!-- com.rmg.authentication.PreemptiveAuthentication -->
