<?xml version="1.0" encoding="UTF-8"?>
<!-- Generated by org.testng.reporters.JUnitReportReporter -->
<testsuite hostname="DESKTOP-HOIELKP" failures="0" tests="1" name="com.rmg.crud.getDelete" time="4.614" errors="0" timestamp="21 Jun 2021 08:01:13 GMT">
  <testcase classname="com.rmg.crud.getDelete" name="deleteProject" time="4.614"/>
</testsuite> <!-- com.rmg.crud.getDelete -->
