<?xml version="1.0" encoding="UTF-8"?>
<!-- Generated by org.testng.reporters.JUnitReportReporter -->
<testsuite hostname="DESKTOP-HOIELKP" failures="0" tests="4" name="practice.rmg.git.paramaterization.GetGitRepo_Forall_User" time="0.046" errors="0" timestamp="23 Jun 2021 15:32:18 GMT">
  <testcase classname="practice.rmg.git.paramaterization.GetGitRepo_Forall_User" name="getAllRepoForUser" time="0.002"/>
  <testcase classname="practice.rmg.git.paramaterization.GetGitRepo_Forall_User" name="getAllRepoForUser" time="0.023"/>
  <testcase classname="practice.rmg.git.paramaterization.GetGitRepo_Forall_User" name="getAllRepoForUser" time="0.019"/>
  <testcase classname="practice.rmg.git.paramaterization.GetGitRepo_Forall_User" name="getAllRepoForUser" time="0.002"/>
</testsuite> <!-- practice.rmg.git.paramaterization.GetGitRepo_Forall_User -->
