<?xml version="1.0" encoding="UTF-8"?>
<!-- Generated by org.testng.reporters.JUnitReportReporter -->
<testsuite hostname="DESKTOP-HOIELKP" failures="0" tests="1" name="com.rest.project.GetCrudOperation" time="2.371" errors="0" timestamp="21 Jun 2021 15:29:21 GMT">
  <testcase classname="com.rest.project.GetCrudOperation" name="getAllProjects" time="2.371"/>
</testsuite> <!-- com.rest.project.GetCrudOperation -->
