<?xml version="1.0" encoding="UTF-8"?>
<!-- Generated by org.testng.reporters.JUnitReportReporter -->
<testsuite hostname="DESKTOP-HOIELKP" failures="0" tests="1" name="com.rmg.crud.getProjectsUsingBDD" time="3.237" errors="0" timestamp="21 Jun 2021 06:35:57 GMT">
  <testcase classname="com.rmg.crud.getProjectsUsingBDD" name="getAllProjectTest" time="3.237"/>
</testsuite> <!-- com.rmg.crud.getProjectsUsingBDD -->
