<?xml version="1.0" encoding="UTF-8"?>
<!-- Generated by org.testng.reporters.JUnitReportReporter -->
<testsuite hostname="DESKTOP-HOIELKP" failures="0" tests="1" name="cm.rmg.parametrs.PathParametrs" time="4.566" errors="0" timestamp="23 Jun 2021 07:28:12 GMT">
  <testcase classname="cm.rmg.parametrs.PathParametrs" name="gitHubPathParam" time="4.566"/>
</testsuite> <!-- cm.rmg.parametrs.PathParametrs -->
