<?xml version="1.0" encoding="UTF-8"?>
<!-- Generated by org.testng.reporters.JUnitReportReporter -->
<testsuite hostname="DESKTOP-HOIELKP" failures="0" tests="1" name="cm.rmg.parametrs.QueryParameter" time="3.353" errors="0" timestamp="24 Jun 2021 14:48:43 GMT">
  <testcase classname="cm.rmg.parametrs.QueryParameter" name="queryPara" time="3.353"/>
</testsuite> <!-- cm.rmg.parametrs.QueryParameter -->
