<?xml version="1.0" encoding="UTF-8"?>
<!-- Generated by org.testng.reporters.JUnitReportReporter -->
<testsuite hostname="DESKTOP-HOIELKP" failures="0" tests="1" name="com.rmg.pojoclasses.postUisngJsonFileBdd" time="2.011" errors="0" timestamp="22 Jun 2021 17:48:06 GMT">
  <testcase classname="com.rmg.pojoclasses.postUisngJsonFileBdd" name="postJsonFile" time="2.011"/>
</testsuite> <!-- com.rmg.pojoclasses.postUisngJsonFileBdd -->
