<?xml version="1.0" encoding="UTF-8"?>
<!-- Generated by org.testng.reporters.JUnitReportReporter -->
<testsuite hostname="DESKTOP-HOIELKP" failures="0" tests="1" name="com.rmg.crud.getProjects" time="2.577" errors="0" timestamp="21 Jun 2021 06:24:07 GMT">
  <testcase classname="com.rmg.crud.getProjects" name="getAllProjectTest" time="2.577"/>
</testsuite> <!-- com.rmg.crud.getProjects -->
