<?xml version="1.0" encoding="UTF-8"?>
<!-- Generated by org.testng.reporters.JUnitReportReporter -->
<testsuite hostname="DESKTOP-HOIELKP" failures="0" tests="1" name="practice.com.complexvalidation.ValidateResponseBody" time="4.002" errors="0" timestamp="23 Jun 2021 16:40:54 GMT">
  <testcase classname="practice.com.complexvalidation.ValidateResponseBody" name="getAllProjectValidateStaticResponse" time="4.002"/>
</testsuite> <!-- practice.com.complexvalidation.ValidateResponseBody -->
