<?xml version="1.0" encoding="UTF-8"?>
<!-- Generated by org.testng.reporters.JUnitReportReporter -->
<testsuite hostname="DESKTOP-HOIELKP" failures="0" tests="1" name="com.rmg.authentication.Ouath2" time="4.589" errors="0" timestamp="22 Jun 2021 18:52:49 GMT">
  <testcase classname="com.rmg.authentication.Ouath2" name="ouath2" time="4.589"/>
</testsuite> <!-- com.rmg.authentication.Ouath2 -->
