<?xml version="1.0" encoding="UTF-8"?>
<!-- Generated by org.testng.reporters.JUnitReportReporter -->
<testsuite hostname="DESKTOP-HOIELKP" failures="0" tests="1" name="practice.com.complexvalidation.CaptureAllRepoNameFromGit" time="4.340" errors="0" timestamp="23 Jun 2021 16:59:15 GMT">
  <testcase classname="practice.com.complexvalidation.CaptureAllRepoNameFromGit" name="captureAllRepoTest" time="4.340"/>
</testsuite> <!-- practice.com.complexvalidation.CaptureAllRepoNameFromGit -->
