<?xml version="1.0" encoding="UTF-8"?>
<!-- Generated by org.testng.reporters.JUnitReportReporter -->
<testsuite hostname="DESKTOP-HOIELKP" failures="0" tests="1" name="com.rmg.crud.createProjects" time="7.186" errors="0" timestamp="21 Jun 2021 07:47:06 GMT">
  <testcase classname="com.rmg.crud.createProjects" name="createProject" time="7.186"/>
</testsuite> <!-- com.rmg.crud.createProjects -->
