<?xml version="1.0" encoding="UTF-8"?>
<!-- Generated by org.testng.reporters.JUnitReportReporter -->
<testsuite hostname="DESKTOP-HOIELKP" failures="0" tests="1" name="cm.rmg.parametrs.GitParameter" time="3.061" errors="0" timestamp="23 Jun 2021 14:35:21 GMT">
  <testcase classname="cm.rmg.parametrs.GitParameter" name="sampleTest" time="3.061"/>
</testsuite> <!-- cm.rmg.parametrs.GitParameter -->
