<?xml version="1.0" encoding="UTF-8"?>
<!-- Generated by org.testng.reporters.JUnitReportReporter -->
<testsuite hostname="DESKTOP-HOIELKP" failures="0" tests="1" name="com.rest.project.CreateObjectVisHashMap" time="5.213" errors="0" timestamp="22 Jun 2021 15:35:31 GMT">
  <testcase classname="com.rest.project.CreateObjectVisHashMap" name="createProject" time="5.213"/>
</testsuite> <!-- com.rest.project.CreateObjectVisHashMap -->
