<?xml version="1.0" encoding="UTF-8"?>
<!-- Generated by org.testng.reporters.JUnitReportReporter -->
<testsuite hostname="DESKTOP-HOIELKP" failures="0" tests="1" name="cm.rmg.parametrs.RunParameters" time="4.328" errors="0" timestamp="28 Jun 2021 16:51:22 GMT">
  <testcase classname="cm.rmg.parametrs.RunParameters" name="runParameterTest" time="4.328"/>
</testsuite> <!-- cm.rmg.parametrs.RunParameters -->
