<?xml version="1.0" encoding="UTF-8"?>
<!-- Generated by org.testng.reporters.JUnitReportReporter -->
<testsuite hostname="DESKTOP-HOIELKP" failures="0" tests="1" name="com.rmg.projecttest.SampleProject" time="2.360" errors="0" timestamp="21 Jun 2021 06:06:55 GMT">
  <testcase classname="com.rmg.projecttest.SampleProject" name="getAllProjectTest" time="2.360"/>
</testsuite> <!-- com.rmg.projecttest.SampleProject -->
