<?xml version="1.0" encoding="UTF-8"?>
<!-- Generated by org.testng.reporters.JUnitReportReporter -->
<testsuite hostname="DESKTOP-HOIELKP" failures="0" tests="1" name="com.rest.project.PostPojoClass" time="5.067" errors="0" timestamp="22 Jun 2021 17:38:47 GMT">
  <testcase classname="com.rest.project.PostPojoClass" name="createProject" time="5.067"/>
</testsuite> <!-- com.rest.project.PostPojoClass -->
