<?xml version="1.0" encoding="UTF-8"?>
<!-- Generated by org.testng.reporters.JUnitReportReporter -->
<testsuite hostname="DESKTOP-HOIELKP" failures="0" tests="1" name="com.rmg.authentication.BasicAuthentication" time="3.503" errors="0" timestamp="24 Jun 2021 06:53:07 GMT">
  <testcase classname="com.rmg.authentication.BasicAuthentication" name="baiscAuthTest" time="3.503"/>
</testsuite> <!-- com.rmg.authentication.BasicAuthentication -->
