<?xml version="1.0" encoding="UTF-8"?>
<!-- Generated by org.testng.reporters.JUnitReportReporter -->
<testsuite hostname="INSISCILT-4405" failures="0" tests="1" name="com.rest.Get" time="1.208" errors="0" timestamp="23 Aug 2021 11:16:23 GMT">
  <testcase classname="com.rest.Get" name="get" time="1.208"/>
</testsuite> <!-- com.rest.Get -->
