<?xml version="1.0" encoding="UTF-8"?>
<!-- Generated by org.testng.reporters.JUnitReportReporter -->
<testsuite hostname="DESKTOP-HOIELKP" name="cm.rmg.parametrs.RunParameters" tests="1" failures="0" timestamp="28 Jun 2021 17:03:02 GMT" time="3.799" errors="0">
  <testcase name="runParameterTest" time="3.799" classname="cm.rmg.parametrs.RunParameters"/>
</testsuite> <!-- cm.rmg.parametrs.RunParameters -->
