<?xml version="1.0" encoding="UTF-8"?>
<!-- Generated by org.testng.reporters.JUnitReportReporter -->
<testsuite hostname="INSISCILT-4405" name="com.rest.Pipeline_Demo" tests="1" failures="0" timestamp="25 Aug 2021 11:12:09 GMT" time="1.476" errors="0">
  <testcase name="get" time="1.476" classname="com.rest.Pipeline_Demo"/>
</testsuite> <!-- com.rest.Pipeline_Demo -->
