<?xml version="1.0" encoding="UTF-8"?>
<!-- Generated by org.testng.reporters.JUnitReportReporter -->
<testsuite hostname="INSISCILT-4405" name="com.rest.Get" tests="1" failures="0" timestamp="25 Aug 2021 11:12:09 GMT" time="2.906" errors="0">
  <testcase name="get" time="2.906" classname="com.rest.Get"/>
</testsuite> <!-- com.rest.Get -->
